[debug] [2021-05-02T19:09:53.129Z] ----------------------------------------------------------------------
[debug] [2021-05-02T19:09:53.131Z] Command:       C:\Program Files\nodejs\node.exe C:\Users\sadek\AppData\Roaming\npm\node_modules\firebase-tools\lib\bin\firebase.js deploy
[debug] [2021-05-02T19:09:53.131Z] CLI Version:   9.8.0
[debug] [2021-05-02T19:09:53.131Z] Platform:      win32
[debug] [2021-05-02T19:09:53.131Z] Node Version:  v14.15.1
[debug] [2021-05-02T19:09:53.132Z] Time:          Mon May 03 2021 01:09:53 GMT+0600 (Bangladesh Standard Time)
[debug] [2021-05-02T19:09:53.132Z] ----------------------------------------------------------------------
[debug] 
[debug] [2021-05-02T19:09:53.139Z] > command requires scopes: ["email","openid","https://www.googleapis.com/auth/cloudplatformprojects.readonly","https://www.googleapis.com/auth/firebase","https://www.googleapis.com/auth/cloud-platform"]
[debug] [2021-05-02T19:09:53.139Z] > authorizing via signed-in user
[debug] [2021-05-02T19:09:53.140Z] [iam] checking project react-gallary-12172 for permissions ["firebase.projects.get","firebasehosting.sites.update"]
[debug] [2021-05-02T19:09:53.142Z] > refreshing access token with scopes: ["email","https://www.googleapis.com/auth/cloud-platform","https://www.googleapis.com/auth/cloudplatformprojects.readonly","https://www.googleapis.com/auth/firebase","openid"]
[debug] [2021-05-02T19:09:53.142Z] >>> HTTP REQUEST POST https://www.googleapis.com/oauth2/v3/token  
 <request body omitted>
[debug] [2021-05-02T19:09:53.456Z] <<< HTTP RESPONSE 200 {"cache-control":"no-cache, no-store, max-age=0, must-revalidate","expires":"Mon, 01 Jan 1990 00:00:00 GMT","pragma":"no-cache","date":"Sun, 02 May 2021 19:09:54 GMT","content-type":"application/json; charset=utf-8","vary":"X-Origin, Referer, Origin,Accept-Encoding","server":"scaffolding on HTTPServer2","x-xss-protection":"0","x-frame-options":"SAMEORIGIN","x-content-type-options":"nosniff","alt-svc":"h3-29=\":443\"; ma=2592000,h3-T051=\":443\"; ma=2592000,h3-Q050=\":443\"; ma=2592000,h3-Q046=\":443\"; ma=2592000,h3-Q043=\":443\"; ma=2592000,quic=\":443\"; ma=2592000; v=\"46,43\"","accept-ranges":"none","transfer-encoding":"chunked"}
[debug] [2021-05-02T19:09:53.475Z] >>> HTTP REQUEST POST https://cloudresourcemanager.googleapis.com/v1/projects/react-gallary-12172:testIamPermissions  
 {"permissions":["firebase.projects.get","firebasehosting.sites.update"]}
[debug] [2021-05-02T19:09:54.953Z] <<< HTTP RESPONSE 200 {"content-type":"application/json; charset=UTF-8","vary":"X-Origin, Referer, Origin,Accept-Encoding","date":"Sun, 02 May 2021 19:09:55 GMT","server":"ESF","cache-control":"private","x-xss-protection":"0","x-frame-options":"SAMEORIGIN","x-content-type-options":"nosniff","server-timing":"gfet4t7; dur=1145","alt-svc":"h3-29=\":443\"; ma=2592000,h3-T051=\":443\"; ma=2592000,h3-Q050=\":443\"; ma=2592000,h3-Q046=\":443\"; ma=2592000,h3-Q043=\":443\"; ma=2592000,quic=\":443\"; ma=2592000; v=\"46,43\"","accept-ranges":"none","transfer-encoding":"chunked"}
[debug] [2021-05-02T19:09:54.959Z] > refreshing access token with scopes: []
[debug] [2021-05-02T19:09:54.960Z] >>> HTTP REQUEST POST https://www.googleapis.com/oauth2/v3/token  
 <request body omitted>
[debug] [2021-05-02T19:09:55.204Z] <<< HTTP RESPONSE 200 {"date":"Sun, 02 May 2021 19:09:56 GMT","pragma":"no-cache","expires":"Mon, 01 Jan 1990 00:00:00 GMT","cache-control":"no-cache, no-store, max-age=0, must-revalidate","content-type":"application/json; charset=utf-8","vary":"X-Origin, Referer, Origin,Accept-Encoding","server":"scaffolding on HTTPServer2","x-xss-protection":"0","x-frame-options":"SAMEORIGIN","x-content-type-options":"nosniff","alt-svc":"h3-29=\":443\"; ma=2592000,h3-T051=\":443\"; ma=2592000,h3-Q050=\":443\"; ma=2592000,h3-Q046=\":443\"; ma=2592000,h3-Q043=\":443\"; ma=2592000,quic=\":443\"; ma=2592000; v=\"46,43\"","accept-ranges":"none","transfer-encoding":"chunked"}
[debug] [2021-05-02T19:09:55.225Z] >>> [apiv2][query] GET https://firebase.googleapis.com/v1beta1/projects/react-gallary-12172 [none]
[debug] [2021-05-02T19:09:55.727Z] <<< [apiv2][status] GET https://firebase.googleapis.com/v1beta1/projects/react-gallary-12172 200
[debug] [2021-05-02T19:09:55.727Z] <<< [apiv2][body] GET https://firebase.googleapis.com/v1beta1/projects/react-gallary-12172 {"projectId":"react-gallary-12172","projectNumber":"1087097022808","displayName":"react-gallary","name":"projects/react-gallary-12172","resources":{"hostingSite":"react-gallary-12172"},"state":"ACTIVE"}
[info] 
[info] === Deploying to 'react-gallary-12172'...
[info] 
[info] i  deploying hosting 
[debug] [2021-05-02T19:09:55.732Z] > refreshing access token with scopes: ["email","https://www.googleapis.com/auth/cloud-platform","https://www.googleapis.com/auth/cloudplatformprojects.readonly","https://www.googleapis.com/auth/firebase","openid"]
[debug] [2021-05-02T19:09:55.732Z] >>> HTTP REQUEST POST https://www.googleapis.com/oauth2/v3/token  
 <request body omitted>
[debug] [2021-05-02T19:09:55.983Z] <<< HTTP RESPONSE 200 {"cache-control":"no-cache, no-store, max-age=0, must-revalidate","expires":"Mon, 01 Jan 1990 00:00:00 GMT","date":"Sun, 02 May 2021 19:09:56 GMT","pragma":"no-cache","content-type":"application/json; charset=utf-8","vary":"X-Origin, Referer, Origin,Accept-Encoding","server":"scaffolding on HTTPServer2","x-xss-protection":"0","x-frame-options":"SAMEORIGIN","x-content-type-options":"nosniff","alt-svc":"h3-29=\":443\"; ma=2592000,h3-T051=\":443\"; ma=2592000,h3-Q050=\":443\"; ma=2592000,h3-Q046=\":443\"; ma=2592000,h3-Q043=\":443\"; ma=2592000,quic=\":443\"; ma=2592000; v=\"46,43\"","accept-ranges":"none","transfer-encoding":"chunked"}
[debug] [2021-05-02T19:09:55.998Z] >>> HTTP REQUEST POST https://firebasehosting.googleapis.com/v1beta1/sites/react-gallary-12172/versions  
 {"config":{},"labels":{"deployment-tool":"cli-firebase"}}
[debug] [2021-05-02T19:09:58.186Z] <<< HTTP RESPONSE 200 {"content-type":"application/json; charset=UTF-8","vary":"X-Origin, Referer, Origin,Accept-Encoding","date":"Sun, 02 May 2021 19:09:58 GMT","server":"ESF","cache-control":"private","x-xss-protection":"0","x-frame-options":"SAMEORIGIN","x-content-type-options":"nosniff","alt-svc":"h3-29=\":443\"; ma=2592000,h3-T051=\":443\"; ma=2592000,h3-Q050=\":443\"; ma=2592000,h3-Q046=\":443\"; ma=2592000,h3-Q043=\":443\"; ma=2592000,quic=\":443\"; ma=2592000; v=\"46,43\"","accept-ranges":"none","transfer-encoding":"chunked"}
[info] i  hosting[react-gallary-12172]: beginning deploy... 
[info] i  hosting[react-gallary-12172]: found 16 files in build 
[debug] [2021-05-02T19:09:58.198Z] [hosting] hash cache [YnVpbGQ] not populated
[debug] [2021-05-02T19:09:58.298Z] > refreshing access token with scopes: []
[debug] [2021-05-02T19:09:58.298Z] >>> HTTP REQUEST POST https://www.googleapis.com/oauth2/v3/token  
 <request body omitted>
[debug] [2021-05-02T19:09:58.300Z] [hosting] hash cache [YnVpbGQ] stored for 16 files
[debug] [2021-05-02T19:09:58.300Z] [hosting][hash queue][FINAL] {"max":95,"min":9,"avg":16,"active":0,"complete":16,"success":16,"errored":0,"retried":0,"total":16,"elapsed":101}
[debug] [2021-05-02T19:09:58.680Z] <<< HTTP RESPONSE 200 {"expires":"Mon, 01 Jan 1990 00:00:00 GMT","cache-control":"no-cache, no-store, max-age=0, must-revalidate","date":"Sun, 02 May 2021 19:09:59 GMT","pragma":"no-cache","content-type":"application/json; charset=utf-8","vary":"X-Origin, Referer, Origin,Accept-Encoding","server":"scaffolding on HTTPServer2","x-xss-protection":"0","x-frame-options":"SAMEORIGIN","x-content-type-options":"nosniff","alt-svc":"h3-29=\":443\"; ma=2592000,h3-T051=\":443\"; ma=2592000,h3-Q050=\":443\"; ma=2592000,h3-Q046=\":443\"; ma=2592000,h3-Q043=\":443\"; ma=2592000,quic=\":443\"; ma=2592000; v=\"46,43\"","accept-ranges":"none","transfer-encoding":"chunked"}
[debug] [2021-05-02T19:09:58.684Z] >>> [apiv2][query] POST https://firebasehosting.googleapis.com/v1beta1/sites/react-gallary-12172/versions/0f7be1e481af1f55:populateFiles [none]
[debug] [2021-05-02T19:09:58.684Z] >>> [apiv2][body] POST https://firebasehosting.googleapis.com/v1beta1/sites/react-gallary-12172/versions/0f7be1e481af1f55:populateFiles {"files":{"/asset-manifest.json":"2404408b4a87fb0990ca70422a101da102fe1d3f5c71ff1c7593d3e64fc2a33a","/index.html":"dd655f84fa54d069b185e574c1f2588749aa214f943f6de2d1a5b048120097e8","/favicon.ico":"eae62e993eb980ec8a25058c39d5a51feab118bd2100c4deebb2a9c158ec11f9","/logo192.png":"3ee59515172ee198f3be375979df15ac5345183e656720a381b8872b2a39dc8b","/manifest.json":"aff3449bdc238776f5d6d967f19ec491b36aed5fb7f23ccff6500736fd58494a","/robots.txt":"bfe106a3fb878dc83461c86818bf74fc1bdc7f28538ba613cd3e775516ce8b49","/logo512.png":"ee7e2f3fdb8209c4b6fd7bef6ba50d1b9dba30a25bb5c3126df057e1cb6f5331","/static/js/2.2600e049.chunk.js.LICENSE.txt":"ff6e1e979db9369a9f7416a242049ffecf6a913bd1a6c3b5da956e28224606d9","/static/js/3.f926d5c0.chunk.js":"0a4baf8e315a87719c1e3929cae3c161c82ea3f042c6d1552f955fcf7531ef27","/static/js/main.cfdf7db7.chunk.js":"41d51fecc3c1d2dba4db267ac87989183731729950238668404f20762ce4e0ed","/static/js/3.f926d5c0.chunk.js.map":"358e32ea616532f7a55de3f8c0ce317ed24fecf93f92f45d42ee9e19b199212e","/static/js/runtime-main.9fd47f63.js":"f29d625587cbcfc17d98f558d6e22535911976109440e18449b29e1689bd02cf","/static/js/main.cfdf7db7.chunk.js.map":"1e00ac7e92f0cc8bf756a5bda1ba9bb45e3f3b215e5400c51a44967217751820","/static/js/runtime-main.9fd47f63.js.map":"e4c123ae1b2749bea51c07d327284300bbbc2cb10a42a512bf0f01d5fbce934d","/static/js/2.2600e049.chunk.js":"a327a8f9dcacb618c93acb6551a124e1227f9e9d91df7c840f63565d08fc51f3","/static/js/2.2600e049.chunk.js.map":"eb7cea5c69a7305bb300409a1bbc86d384dcc1b42dd0a8a9f26816a398f1fde8"}}
[debug] [2021-05-02T19:10:00.438Z] <<< [apiv2][status] POST https://firebasehosting.googleapis.com/v1beta1/sites/react-gallary-12172/versions/0f7be1e481af1f55:populateFiles 200
[debug] [2021-05-02T19:10:00.438Z] <<< [apiv2][body] POST https://firebasehosting.googleapis.com/v1beta1/sites/react-gallary-12172/versions/0f7be1e481af1f55:populateFiles {"uploadRequiredHashes":["2404408b4a87fb0990ca70422a101da102fe1d3f5c71ff1c7593d3e64fc2a33a","e4c123ae1b2749bea51c07d327284300bbbc2cb10a42a512bf0f01d5fbce934d","f29d625587cbcfc17d98f558d6e22535911976109440e18449b29e1689bd02cf","dd655f84fa54d069b185e574c1f2588749aa214f943f6de2d1a5b048120097e8","eb7cea5c69a7305bb300409a1bbc86d384dcc1b42dd0a8a9f26816a398f1fde8","3ee59515172ee198f3be375979df15ac5345183e656720a381b8872b2a39dc8b","41d51fecc3c1d2dba4db267ac87989183731729950238668404f20762ce4e0ed","bfe106a3fb878dc83461c86818bf74fc1bdc7f28538ba613cd3e775516ce8b49","358e32ea616532f7a55de3f8c0ce317ed24fecf93f92f45d42ee9e19b199212e","aff3449bdc238776f5d6d967f19ec491b36aed5fb7f23ccff6500736fd58494a","ee7e2f3fdb8209c4b6fd7bef6ba50d1b9dba30a25bb5c3126df057e1cb6f5331","a327a8f9dcacb618c93acb6551a124e1227f9e9d91df7c840f63565d08fc51f3","1e00ac7e92f0cc8bf756a5bda1ba9bb45e3f3b215e5400c51a44967217751820","0a4baf8e315a87719c1e3929cae3c161c82ea3f042c6d1552f955fcf7531ef27","ff6e1e979db9369a9f7416a242049ffecf6a913bd1a6c3b5da956e28224606d9","eae62e993eb980ec8a25058c39d5a51feab118bd2100c4deebb2a9c158ec11f9"],"uploadUrl":"https://upload-firebasehosting.googleapis.com/upload/sites/react-gallary-12172/versions/0f7be1e481af1f55/files"}
[debug] [2021-05-02T19:10:00.443Z] >>> [apiv2][query] POST https://upload-firebasehosting.googleapis.com/upload/sites/react-gallary-12172/versions/0f7be1e481af1f55/files/2404408b4a87fb0990ca70422a101da102fe1d3f5c71ff1c7593d3e64fc2a33a [none]
[debug] [2021-05-02T19:10:00.443Z] >>> [apiv2][body] POST https://upload-firebasehosting.googleapis.com/upload/sites/react-gallary-12172/versions/0f7be1e481af1f55/files/2404408b4a87fb0990ca70422a101da102fe1d3f5c71ff1c7593d3e64fc2a33a [stream]
[debug] [2021-05-02T19:10:00.444Z] >>> [apiv2][query] POST https://upload-firebasehosting.googleapis.com/upload/sites/react-gallary-12172/versions/0f7be1e481af1f55/files/e4c123ae1b2749bea51c07d327284300bbbc2cb10a42a512bf0f01d5fbce934d [none]
[debug] [2021-05-02T19:10:00.444Z] >>> [apiv2][body] POST https://upload-firebasehosting.googleapis.com/upload/sites/react-gallary-12172/versions/0f7be1e481af1f55/files/e4c123ae1b2749bea51c07d327284300bbbc2cb10a42a512bf0f01d5fbce934d [stream]
[debug] [2021-05-02T19:10:00.445Z] >>> [apiv2][query] POST https://upload-firebasehosting.googleapis.com/upload/sites/react-gallary-12172/versions/0f7be1e481af1f55/files/f29d625587cbcfc17d98f558d6e22535911976109440e18449b29e1689bd02cf [none]
[debug] [2021-05-02T19:10:00.445Z] >>> [apiv2][body] POST https://upload-firebasehosting.googleapis.com/upload/sites/react-gallary-12172/versions/0f7be1e481af1f55/files/f29d625587cbcfc17d98f558d6e22535911976109440e18449b29e1689bd02cf [stream]
[debug] [2021-05-02T19:10:00.446Z] >>> [apiv2][query] POST https://upload-firebasehosting.googleapis.com/upload/sites/react-gallary-12172/versions/0f7be1e481af1f55/files/dd655f84fa54d069b185e574c1f2588749aa214f943f6de2d1a5b048120097e8 [none]
[debug] [2021-05-02T19:10:00.446Z] >>> [apiv2][body] POST https://upload-firebasehosting.googleapis.com/upload/sites/react-gallary-12172/versions/0f7be1e481af1f55/files/dd655f84fa54d069b185e574c1f2588749aa214f943f6de2d1a5b048120097e8 [stream]
[debug] [2021-05-02T19:10:00.451Z] >>> [apiv2][query] POST https://upload-firebasehosting.googleapis.com/upload/sites/react-gallary-12172/versions/0f7be1e481af1f55/files/eb7cea5c69a7305bb300409a1bbc86d384dcc1b42dd0a8a9f26816a398f1fde8 [none]
[debug] [2021-05-02T19:10:00.451Z] >>> [apiv2][body] POST https://upload-firebasehosting.googleapis.com/upload/sites/react-gallary-12172/versions/0f7be1e481af1f55/files/eb7cea5c69a7305bb300409a1bbc86d384dcc1b42dd0a8a9f26816a398f1fde8 [stream]
[debug] [2021-05-02T19:10:00.453Z] >>> [apiv2][query] POST https://upload-firebasehosting.googleapis.com/upload/sites/react-gallary-12172/versions/0f7be1e481af1f55/files/3ee59515172ee198f3be375979df15ac5345183e656720a381b8872b2a39dc8b [none]
[debug] [2021-05-02T19:10:00.453Z] >>> [apiv2][body] POST https://upload-firebasehosting.googleapis.com/upload/sites/react-gallary-12172/versions/0f7be1e481af1f55/files/3ee59515172ee198f3be375979df15ac5345183e656720a381b8872b2a39dc8b [stream]
[debug] [2021-05-02T19:10:00.454Z] >>> [apiv2][query] POST https://upload-firebasehosting.googleapis.com/upload/sites/react-gallary-12172/versions/0f7be1e481af1f55/files/41d51fecc3c1d2dba4db267ac87989183731729950238668404f20762ce4e0ed [none]
[debug] [2021-05-02T19:10:00.454Z] >>> [apiv2][body] POST https://upload-firebasehosting.googleapis.com/upload/sites/react-gallary-12172/versions/0f7be1e481af1f55/files/41d51fecc3c1d2dba4db267ac87989183731729950238668404f20762ce4e0ed [stream]
[debug] [2021-05-02T19:10:00.455Z] >>> [apiv2][query] POST https://upload-firebasehosting.googleapis.com/upload/sites/react-gallary-12172/versions/0f7be1e481af1f55/files/bfe106a3fb878dc83461c86818bf74fc1bdc7f28538ba613cd3e775516ce8b49 [none]
[debug] [2021-05-02T19:10:00.455Z] >>> [apiv2][body] POST https://upload-firebasehosting.googleapis.com/upload/sites/react-gallary-12172/versions/0f7be1e481af1f55/files/bfe106a3fb878dc83461c86818bf74fc1bdc7f28538ba613cd3e775516ce8b49 [stream]
[debug] [2021-05-02T19:10:00.456Z] >>> [apiv2][query] POST https://upload-firebasehosting.googleapis.com/upload/sites/react-gallary-12172/versions/0f7be1e481af1f55/files/358e32ea616532f7a55de3f8c0ce317ed24fecf93f92f45d42ee9e19b199212e [none]
[debug] [2021-05-02T19:10:00.456Z] >>> [apiv2][body] POST https://upload-firebasehosting.googleapis.com/upload/sites/react-gallary-12172/versions/0f7be1e481af1f55/files/358e32ea616532f7a55de3f8c0ce317ed24fecf93f92f45d42ee9e19b199212e [stream]
[debug] [2021-05-02T19:10:00.456Z] >>> [apiv2][query] POST https://upload-firebasehosting.googleapis.com/upload/sites/react-gallary-12172/versions/0f7be1e481af1f55/files/aff3449bdc238776f5d6d967f19ec491b36aed5fb7f23ccff6500736fd58494a [none]
[debug] [2021-05-02T19:10:00.456Z] >>> [apiv2][body] POST https://upload-firebasehosting.googleapis.com/upload/sites/react-gallary-12172/versions/0f7be1e481af1f55/files/aff3449bdc238776f5d6d967f19ec491b36aed5fb7f23ccff6500736fd58494a [stream]
[debug] [2021-05-02T19:10:00.457Z] >>> [apiv2][query] POST https://upload-firebasehosting.googleapis.com/upload/sites/react-gallary-12172/versions/0f7be1e481af1f55/files/ee7e2f3fdb8209c4b6fd7bef6ba50d1b9dba30a25bb5c3126df057e1cb6f5331 [none]
[debug] [2021-05-02T19:10:00.457Z] >>> [apiv2][body] POST https://upload-firebasehosting.googleapis.com/upload/sites/react-gallary-12172/versions/0f7be1e481af1f55/files/ee7e2f3fdb8209c4b6fd7bef6ba50d1b9dba30a25bb5c3126df057e1cb6f5331 [stream]
[debug] [2021-05-02T19:10:00.458Z] >>> [apiv2][query] POST https://upload-firebasehosting.googleapis.com/upload/sites/react-gallary-12172/versions/0f7be1e481af1f55/files/a327a8f9dcacb618c93acb6551a124e1227f9e9d91df7c840f63565d08fc51f3 [none]
[debug] [2021-05-02T19:10:00.458Z] >>> [apiv2][body] POST https://upload-firebasehosting.googleapis.com/upload/sites/react-gallary-12172/versions/0f7be1e481af1f55/files/a327a8f9dcacb618c93acb6551a124e1227f9e9d91df7c840f63565d08fc51f3 [stream]
[debug] [2021-05-02T19:10:00.458Z] >>> [apiv2][query] POST https://upload-firebasehosting.googleapis.com/upload/sites/react-gallary-12172/versions/0f7be1e481af1f55/files/1e00ac7e92f0cc8bf756a5bda1ba9bb45e3f3b215e5400c51a44967217751820 [none]
[debug] [2021-05-02T19:10:00.458Z] >>> [apiv2][body] POST https://upload-firebasehosting.googleapis.com/upload/sites/react-gallary-12172/versions/0f7be1e481af1f55/files/1e00ac7e92f0cc8bf756a5bda1ba9bb45e3f3b215e5400c51a44967217751820 [stream]
[debug] [2021-05-02T19:10:00.459Z] >>> [apiv2][query] POST https://upload-firebasehosting.googleapis.com/upload/sites/react-gallary-12172/versions/0f7be1e481af1f55/files/0a4baf8e315a87719c1e3929cae3c161c82ea3f042c6d1552f955fcf7531ef27 [none]
[debug] [2021-05-02T19:10:00.459Z] >>> [apiv2][body] POST https://upload-firebasehosting.googleapis.com/upload/sites/react-gallary-12172/versions/0f7be1e481af1f55/files/0a4baf8e315a87719c1e3929cae3c161c82ea3f042c6d1552f955fcf7531ef27 [stream]
[debug] [2021-05-02T19:10:00.460Z] >>> [apiv2][query] POST https://upload-firebasehosting.googleapis.com/upload/sites/react-gallary-12172/versions/0f7be1e481af1f55/files/ff6e1e979db9369a9f7416a242049ffecf6a913bd1a6c3b5da956e28224606d9 [none]
[debug] [2021-05-02T19:10:00.460Z] >>> [apiv2][body] POST https://upload-firebasehosting.googleapis.com/upload/sites/react-gallary-12172/versions/0f7be1e481af1f55/files/ff6e1e979db9369a9f7416a242049ffecf6a913bd1a6c3b5da956e28224606d9 [stream]
[debug] [2021-05-02T19:10:00.460Z] >>> [apiv2][query] POST https://upload-firebasehosting.googleapis.com/upload/sites/react-gallary-12172/versions/0f7be1e481af1f55/files/eae62e993eb980ec8a25058c39d5a51feab118bd2100c4deebb2a9c158ec11f9 [none]
[debug] [2021-05-02T19:10:00.460Z] >>> [apiv2][body] POST https://upload-firebasehosting.googleapis.com/upload/sites/react-gallary-12172/versions/0f7be1e481af1f55/files/eae62e993eb980ec8a25058c39d5a51feab118bd2100c4deebb2a9c158ec11f9 [stream]
[debug] [2021-05-02T19:10:00.461Z] [hosting][populate queue][FINAL] {"max":2145,"min":2145,"avg":2145,"active":0,"complete":1,"success":1,"errored":0,"retried":0,"total":1,"elapsed":2164}
[debug] [2021-05-02T19:10:00.461Z] [hosting] uploads queued: 16
